<?xml version="1.0" encoding="UTF-8"?>
<!-- Generated by org.testng.reporters.JUnitReportReporter -->
<testsuite skipped="0" hostname="DLDA1809" name="com.qa.project.ddm.main.Main" tests="3" failures="0" timestamp="12 Feb 2018 10:44:20 GMT" time="12.201" errors="0">
  <testcase name="urlInitiation" time="5.982" classname="com.qa.project.ddm.main.Main"/>
  <testcase name="translatorSetUp" time="0.630" classname="com.qa.project.ddm.main.Main"/>
  <testcase name="readContent" time="5.589" classname="com.qa.project.ddm.main.Main"/>
</testsuite> <!-- com.qa.project.ddm.main.Main -->
